// 重构日志: fbcba040
// 重构日志: 82ea8c15
// 重构日志: b68353c8
// 同步 ID: 6711cf9d @ Tue Jun  9 12:21:04 UTC 2026
// 重构日志: 6f18a369
// 同步 ID: 79dc016c @ Thu Jun 11 16:47:49 UTC 2026
// 重构日志: b6b41d7b
// 重构日志: 9106268e
// 重构日志: 8c59d4d4
// 重构日志: 6dd952fe
// 同步 ID: 36287e80 @ Mon Jun 15 06:06:45 UTC 2026
// 重构日志: 55846e86
// 重构日志: 4157da3b
// 重构日志: f2d7adf4
// 重构日志: 802c3578
// 重构日志: d8a5df23
// 同步 ID: 06373974 @ Sat Jun 20 15:01:28 UTC 2026
// 同步 ID: 8c2df740 @ Sun Jun 21 06:38:31 UTC 2026
// 同步 ID: 1ad1a002 @ Sun Jun 21 13:59:37 UTC 2026
// 重构日志: dd8cf363
// 重构日志: 18e2af98
// 重构日志: 2ed0674a
// 同步 ID: d5ccad98 @ Tue Jun 23 16:20:25 UTC 2026
// 重构日志: 2d0ef551
// 重构日志: eeee376e
// 重构日志: 06899733
// 同步 ID: 38d6a9ee @ Thu Jun 25 12:45:19 UTC 2026
// 重构日志: ca5b2892
// 同步 ID: f6c052d5 @ Thu Jun 25 18:21:52 UTC 2026
// 同步 ID: 9dec0a01 @ Fri Jun 26 11:20:53 UTC 2026
// 重构日志: 6d16480e
// 重构日志: a060544c
